# JRE version: Java(TM) SE Runtime Environment (8.0_121-b13) (build 1.8.0_121-b13)
# Java VM: Java HotSpot(TM) Client VM (25.121-b13 mixed mode windows-x86 )
Heap:
 def new generation   total 4928K, used 487K [0x04a00000, 0x04f50000, 0x09f50000)
  eden space 4416K,   7% used [0x04a00000, 0x04a4e270, 0x04e50000)
  from space 512K,  34% used [0x04e50000, 0x04e7bd88, 0x04ed0000)
  to   space 512K,   0% used [0x04ed0000, 0x04ed0000, 0x04f50000)
 tenured generation   total 10944K, used 7426K [0x09f50000, 0x0aa00000, 0x14a00000)
   the space 10944K,  67% used [0x09f50000, 0x0a6908a0, 0x0a690a00, 0x0aa00000)
 Metaspace       used 7737K, capacity 7944K, committed 8064K, reserved 8576K
GC Heap History (10 events):
Event: 9.990 GC heap before
{Heap before GC invocations=31 (full 0):
 def new generation   total 4928K, used 4419K [0x04a00000, 0x04f50000, 0x09f50000)
  eden space 4416K, 100% used [0x04a00000, 0x04e50000, 0x04e50000)
  from space 512K,   0% used [0x04ed0000, 0x04ed0d50, 0x04f50000)
  to   space 512K,   0% used [0x04e50000, 0x04e50000, 0x04ed0000)
 tenured generation   total 10944K, used 7424K [0x09f50000, 0x0aa00000, 0x14a00000)
   the space 10944K,  67% used [0x09f50000, 0x0a6902d0, 0x0a690400, 0x0aa00000)
 Metaspace       used 7510K, capacity 7705K, committed 7808K, reserved 8576K
Event: 9.990 GC heap after
Heap after GC invocations=32 (full 0):
 def new generation   total 4928K, used 4K [0x04a00000, 0x04f50000, 0x09f50000)
  eden space 4416K,   0% used [0x04a00000, 0x04a00000, 0x04e50000)
  from space 512K,   0% used [0x04e50000, 0x04e51108, 0x04ed0000)
  to   space 512K,   0% used [0x04ed0000, 0x04ed0000, 0x04f50000)
 tenured generation   total 10944K, used 7424K [0x09f50000, 0x0aa00000, 0x14a00000)
   the space 10944K,  67% used [0x09f50000, 0x0a690318, 0x0a690400, 0x0aa00000)
 Metaspace       used 7510K, capacity 7705K, committed 7808K, reserved 8576K
}
Event: 10.293 GC heap before
{Heap before GC invocations=32 (full 0):
 def new generation   total 4928K, used 4420K [0x04a00000, 0x04f50000, 0x09f50000)
  eden space 4416K, 100% used [0x04a00000, 0x04e50000, 0x04e50000)
  from space 512K,   0% used [0x04e50000, 0x04e51108, 0x04ed0000)
  to   space 512K,   0% used [0x04ed0000, 0x04ed0000, 0x04f50000)
 tenured generation   total 10944K, used 7424K [0x09f50000, 0x0aa00000, 0x14a00000)
   the space 10944K,  67% used [0x09f50000, 0x0a690318, 0x0a690400, 0x0aa00000)
 Metaspace       used 7700K, capacity 7907K, committed 8064K, reserved 8576K
Event: 10.295 GC heap after
Heap after GC invocations=33 (full 0):
 def new generation   total 4928K, used 68K [0x04a00000, 0x04f50000, 0x09f50000)
  eden space 4416K,   0% used [0x04a00000, 0x04a00000, 0x04e50000)
  from space 512K,  13% used [0x04ed0000, 0x04ee1378, 0x04f50000)
  to   space 512K,   0% used [0x04e50000, 0x04e50000, 0x04ed0000)
 tenured generation   total 10944K, used 7425K [0x09f50000, 0x0aa00000, 0x14a00000)
   the space 10944K,  67% used [0x09f50000, 0x0a690448, 0x0a690600, 0x0aa00000)
 Metaspace       used 7700K, capacity 7907K, committed 8064K, reserved 8576K
}
Event: 10.559 GC heap before
{Heap before GC invocations=33 (full 0):
 def new generation   total 4928K, used 4484K [0x04a00000, 0x04f50000, 0x09f50000)
  eden space 4416K, 100% used [0x04a00000, 0x04e50000, 0x04e50000)
  from space 512K,  13% used [0x04ed0000, 0x04ee1378, 0x04f50000)
  to   space 512K,   0% used [0x04e50000, 0x04e50000, 0x04ed0000)
 tenured generation   total 10944K, used 7425K [0x09f50000, 0x0aa00000, 0x14a00000)
   the space 10944K,  67% used [0x09f50000, 0x0a690448, 0x0a690600, 0x0aa00000)
 Metaspace       used 7700K, capacity 7907K, committed 8064K, reserved 8576K
Event: 10.560 GC heap after
Heap after GC invocations=34 (full 0):
 def new generation   total 4928K, used 66K [0x04a00000, 0x04f50000, 0x09f50000)
  eden space 4416K,   0% used [0x04a00000, 0x04a00000, 0x04e50000)
  from space 512K,  13% used [0x04e50000, 0x04e60b48, 0x04ed0000)
  to   space 512K,   0% used [0x04ed0000, 0x04ed0000, 0x04f50000)
 tenured generation   total 10944K, used 7425K [0x09f50000, 0x0aa00000, 0x14a00000)
   the space 10944K,  67% used [0x09f50000, 0x0a690498, 0x0a690600, 0x0aa00000)
 Metaspace       used 7700K, capacity 7907K, committed 8064K, reserved 8576K
}
Event: 10.906 GC heap before
{Heap before GC invocations=34 (full 0):
 def new generation   total 4928K, used 4482K [0x04a00000, 0x04f50000, 0x09f50000)
  eden space 4416K, 100% used [0x04a00000, 0x04e50000, 0x04e50000)
  from space 512K,  13% used [0x04e50000, 0x04e60b48, 0x04ed0000)
  to   space 512K,   0% used [0x04ed0000, 0x04ed0000, 0x04f50000)
 tenured generation   total 10944K, used 7425K [0x09f50000, 0x0aa00000, 0x14a00000)
   the space 10944K,  67% used [0x09f50000, 0x0a690498, 0x0a690600, 0x0aa00000)
 Metaspace       used 7700K, capacity 7907K, committed 8064K, reserved 8576K
Event: 10.907 GC heap after
Heap after GC invocations=35 (full 0):
 def new generation   total 4928K, used 66K [0x04a00000, 0x04f50000, 0x09f50000)
  eden space 4416K,   0% used [0x04a00000, 0x04a00000, 0x04e50000)
  from space 512K,  13% used [0x04ed0000, 0x04ee0bb8, 0x04f50000)
  to   space 512K,   0% used [0x04e50000, 0x04e50000, 0x04ed0000)
 tenured generation   total 10944K, used 7425K [0x09f50000, 0x0aa00000, 0x14a00000)
   the space 10944K,  67% used [0x09f50000, 0x0a690700, 0x0a690800, 0x0aa00000)
 Metaspace       used 7700K, capacity 7907K, committed 8064K, reserved 8576K
}
Event: 17.096 GC heap before
{Heap before GC invocations=35 (full 0):
 def new generation   total 4928K, used 4482K [0x04a00000, 0x04f50000, 0x09f50000)
  eden space 4416K, 100% used [0x04a00000, 0x04e50000, 0x04e50000)
  from space 512K,  13% used [0x04ed0000, 0x04ee0bb8, 0x04f50000)
  to   space 512K,   0% used [0x04e50000, 0x04e50000, 0x04ed0000)
 tenured generation   total 10944K, used 7425K [0x09f50000, 0x0aa00000, 0x14a00000)
   the space 10944K,  67% used [0x09f50000, 0x0a690700, 0x0a690800, 0x0aa00000)
 Metaspace       used 7731K, capacity 7944K, committed 8064K, reserved 8576K
Event: 17.097 GC heap after
Heap after GC invocations=36 (full 0):
 def new generation   total 4928K, used 175K [0x04a00000, 0x04f50000, 0x09f50000)
  eden space 4416K,   0% used [0x04a00000, 0x04a00000, 0x04e50000)
  from space 512K,  34% used [0x04e50000, 0x04e7bd88, 0x04ed0000)
  to   space 512K,   0% used [0x04ed0000, 0x04ed0000, 0x04f50000)
 tenured generation   total 10944K, used 7426K [0x09f50000, 0x0aa00000, 0x14a00000)
   the space 10944K,  67% used [0x09f50000, 0x0a6908a0, 0x0a690a00, 0x0aa00000)
 Metaspace       used 7731K, capacity 7944K, committed 8064K, reserved 8576K
}

